<?xml version="1.0" encoding="UTF-8"?>
<coverage generated="1644104876014" clover="3.2.0">
  <project timestamp="1644104876014" name="All files">
    <metrics statements="11" coveredstatements="11" conditionals="4" coveredconditionals="3" methods="6" coveredmethods="6" elements="21" coveredelements="20" complexity="0" loc="11" ncloc="11" packages="1" files="1" classes="1"/>
    <file name="Challenge13.js" path="/Users/user/prep-course-std/Day13/ProblemSolving/Challenge13/Challenge13.js">
      <metrics statements="11" coveredstatements="11" conditionals="4" coveredconditionals="3" methods="6" coveredmethods="6"/>
      <line num="40" count="1" type="stmt"/>
      <line num="42" count="7" type="cond" truecount="1" falsecount="1"/>
      <line num="43" count="2" type="stmt"/>
      <line num="60" count="1" type="stmt"/>
      <line num="63" count="6" type="stmt"/>
      <line num="64" count="2" type="stmt"/>
      <line num="107" count="1" type="stmt"/>
      <line num="109" count="2" type="stmt"/>
      <line num="110" count="9" type="stmt"/>
      <line num="114" count="2" type="stmt"/>
      <line num="119" count="1" type="stmt"/>
    </file>
  </project>
</coverage>
