{"/Users/user/prep-course-std/Day13/ProblemSolving/Challenge13/Challenge13.js": {"path":"/Users/user/prep-course-std/Day13/ProblemSolving/Challenge13/Challenge13.js","statementMap":{"0":{"start":{"line":40,"column":22},"end":{"line":45,"column":1}},"1":{"start":{"line":42,"column":17},"end":{"line":42,"column":76}},"2":{"start":{"line":42,"column":38},"end":{"line":42,"column":71}},"3":{"start":{"line":43,"column":4},"end":{"line":43,"column":19}},"4":{"start":{"line":60,"column":22},"end":{"line":67,"column":1}},"5":{"start":{"line":63,"column":19},"end":{"line":63,"column":74}},"6":{"start":{"line":63,"column":52},"end":{"line":63,"column":70}},"7":{"start":{"line":64,"column":4},"end":{"line":64,"column":18}},"8":{"start":{"line":107,"column":19},"end":{"line":115,"column":1}},"9":{"start":{"line":109,"column":19},"end":{"line":112,"column":12}},"10":{"start":{"line":110,"column":8},"end":{"line":111,"column":40}},"11":{"start":{"line":114,"column":6},"end":{"line":114,"column":20}},"12":{"start":{"line":119,"column":0},"end":{"line":119,"column":62}}},"fnMap":{"0":{"name":"(anonymous_0)","decl":{"start":{"line":40,"column":22},"end":{"line":40,"column":23}},"loc":{"start":{"line":40,"column":31},"end":{"line":45,"column":1}},"line":40},"1":{"name":"(anonymous_1)","decl":{"start":{"line":42,"column":28},"end":{"line":42,"column":29}},"loc":{"start":{"line":42,"column":38},"end":{"line":42,"column":71}},"line":42},"2":{"name":"(anonymous_2)","decl":{"start":{"line":60,"column":22},"end":{"line":60,"column":23}},"loc":{"start":{"line":60,"column":31},"end":{"line":67,"column":1}},"line":60},"3":{"name":"(anonymous_3)","decl":{"start":{"line":63,"column":41},"end":{"line":63,"column":42}},"loc":{"start":{"line":63,"column":51},"end":{"line":63,"column":72}},"line":63},"4":{"name":"(anonymous_4)","decl":{"start":{"line":107,"column":19},"end":{"line":107,"column":20}},"loc":{"start":{"line":107,"column":28},"end":{"line":115,"column":1}},"line":107},"5":{"name":"(anonymous_5)","decl":{"start":{"line":109,"column":30},"end":{"line":109,"column":31}},"loc":{"start":{"line":109,"column":40},"end":{"line":112,"column":7}},"line":109}},"branchMap":{"0":{"loc":{"start":{"line":42,"column":38},"end":{"line":42,"column":71}},"type":"cond-expr","locations":[{"start":{"line":42,"column":61},"end":{"line":42,"column":67}},{"start":{"line":42,"column":70},"end":{"line":42,"column":71}}],"line":42},"1":{"loc":{"start":{"line":111,"column":14},"end":{"line":111,"column":32}},"type":"binary-expr","locations":[{"start":{"line":111,"column":14},"end":{"line":111,"column":27}},{"start":{"line":111,"column":31},"end":{"line":111,"column":32}}],"line":111}},"s":{"0":1,"1":2,"2":7,"3":2,"4":1,"5":2,"6":6,"7":2,"8":1,"9":2,"10":9,"11":2,"12":1},"f":{"0":2,"1":7,"2":2,"3":6,"4":2,"5":9},"b":{"0":[7,0],"1":[9,5]},"_coverageSchema":"1a1c01bbd47fc00a2c39e90264f33305004495a9","hash":"8e1e28371cab3a07b4824e00583051676a30927a"}
}
