{"/Users/user/prep-course-std/Day16/ProblemSolving/Challenge16/Challenge16.js": {"path":"/Users/user/prep-course-std/Day16/ProblemSolving/Challenge16/Challenge16.js","statementMap":{"0":{"start":{"line":15,"column":22},"end":{"line":18,"column":1}},"1":{"start":{"line":17,"column":4},"end":{"line":17,"column":47}},"2":{"start":{"line":32,"column":19},"end":{"line":37,"column":1}},"3":{"start":{"line":36,"column":5},"end":{"line":36,"column":46}},"4":{"start":{"line":36,"column":27},"end":{"line":36,"column":44}},"5":{"start":{"line":49,"column":21},"end":{"line":58,"column":1}},"6":{"start":{"line":50,"column":12},"end":{"line":50,"column":25}},"7":{"start":{"line":51,"column":11},"end":{"line":51,"column":13}},"8":{"start":{"line":52,"column":4},"end":{"line":55,"column":5}},"9":{"start":{"line":52,"column":21},"end":{"line":52,"column":22}},"10":{"start":{"line":53,"column":7},"end":{"line":53,"column":23}},"11":{"start":{"line":56,"column":3},"end":{"line":56,"column":20}},"12":{"start":{"line":78,"column":25},"end":{"line":79,"column":1}},"13":{"start":{"line":81,"column":0},"end":{"line":81,"column":79}}},"fnMap":{"0":{"name":"(anonymous_0)","decl":{"start":{"line":15,"column":22},"end":{"line":15,"column":23}},"loc":{"start":{"line":15,"column":34},"end":{"line":18,"column":1}},"line":15},"1":{"name":"(anonymous_1)","decl":{"start":{"line":32,"column":19},"end":{"line":32,"column":20}},"loc":{"start":{"line":32,"column":28},"end":{"line":37,"column":1}},"line":32},"2":{"name":"(anonymous_2)","decl":{"start":{"line":36,"column":23},"end":{"line":36,"column":24}},"loc":{"start":{"line":36,"column":27},"end":{"line":36,"column":44}},"line":36},"3":{"name":"(anonymous_3)","decl":{"start":{"line":49,"column":21},"end":{"line":49,"column":22}},"loc":{"start":{"line":49,"column":30},"end":{"line":58,"column":1}},"line":49},"4":{"name":"(anonymous_4)","decl":{"start":{"line":78,"column":25},"end":{"line":78,"column":26}},"loc":{"start":{"line":78,"column":34},"end":{"line":79,"column":1}},"line":78}},"branchMap":{},"s":{"0":1,"1":2,"2":1,"3":1,"4":4,"5":1,"6":1,"7":1,"8":1,"9":1,"10":3,"11":1,"12":1,"13":1},"f":{"0":2,"1":1,"2":4,"3":1,"4":1},"b":{},"_coverageSchema":"1a1c01bbd47fc00a2c39e90264f33305004495a9","hash":"497bdb83a3c0fe17a11f18badb96b16c4fb0d297"}
}
