<?xml version="1.0" encoding="UTF-8"?>
<coverage generated="1644114117018" clover="3.2.0">
  <project timestamp="1644114117019" name="All files">
    <metrics statements="16" coveredstatements="16" conditionals="4" coveredconditionals="4" methods="4" coveredmethods="3" elements="24" coveredelements="23" complexity="0" loc="16" ncloc="16" packages="1" files="1" classes="1"/>
    <file name="Challenge17.js" path="/Users/user/prep-course-std/Day17/ProblemSolving/Challenge17/Challenge17.js">
      <metrics statements="16" coveredstatements="16" conditionals="4" coveredconditionals="4" methods="4" coveredmethods="3"/>
      <line num="15" count="1" type="stmt"/>
      <line num="17" count="5" type="stmt"/>
      <line num="18" count="5" type="stmt"/>
      <line num="19" count="5" type="cond" truecount="2" falsecount="0"/>
      <line num="20" count="1" type="stmt"/>
      <line num="22" count="4" type="stmt"/>
      <line num="38" count="1" type="stmt"/>
      <line num="55" count="1" type="stmt"/>
      <line num="57" count="4" type="stmt"/>
      <line num="58" count="4" type="stmt"/>
      <line num="59" count="4" type="stmt"/>
      <line num="60" count="16" type="cond" truecount="2" falsecount="0"/>
      <line num="61" count="1" type="stmt"/>
      <line num="64" count="3" type="stmt"/>
      <line num="85" count="1" type="stmt"/>
      <line num="90" count="1" type="stmt"/>
    </file>
  </project>
</coverage>
