{"/Users/user/prep-course-std/Day17/ProblemSolving/Challenge17/Challenge17.js": {"path":"/Users/user/prep-course-std/Day17/ProblemSolving/Challenge17/Challenge17.js","statementMap":{"0":{"start":{"line":15,"column":25},"end":{"line":24,"column":1}},"1":{"start":{"line":17,"column":17},"end":{"line":17,"column":19}},"2":{"start":{"line":18,"column":4},"end":{"line":18,"column":22}},"3":{"start":{"line":19,"column":4},"end":{"line":22,"column":48}},"4":{"start":{"line":20,"column":7},"end":{"line":20,"column":18}},"5":{"start":{"line":22,"column":8},"end":{"line":22,"column":48}},"6":{"start":{"line":38,"column":20},"end":{"line":40,"column":1}},"7":{"start":{"line":55,"column":21},"end":{"line":65,"column":1}},"8":{"start":{"line":57,"column":12},"end":{"line":57,"column":27}},"9":{"start":{"line":58,"column":4},"end":{"line":58,"column":43}},"10":{"start":{"line":59,"column":4},"end":{"line":63,"column":5}},"11":{"start":{"line":59,"column":17},"end":{"line":59,"column":18}},"12":{"start":{"line":60,"column":6},"end":{"line":62,"column":7}},"13":{"start":{"line":61,"column":8},"end":{"line":61,"column":21}},"14":{"start":{"line":64,"column":4},"end":{"line":64,"column":16}},"15":{"start":{"line":85,"column":20},"end":{"line":87,"column":1}},"16":{"start":{"line":90,"column":0},"end":{"line":90,"column":78}}},"fnMap":{"0":{"name":"(anonymous_0)","decl":{"start":{"line":15,"column":25},"end":{"line":15,"column":26}},"loc":{"start":{"line":15,"column":41},"end":{"line":24,"column":1}},"line":15},"1":{"name":"(anonymous_1)","decl":{"start":{"line":38,"column":20},"end":{"line":38,"column":21}},"loc":{"start":{"line":38,"column":29},"end":{"line":40,"column":1}},"line":38},"2":{"name":"(anonymous_2)","decl":{"start":{"line":55,"column":21},"end":{"line":55,"column":22}},"loc":{"start":{"line":55,"column":30},"end":{"line":65,"column":1}},"line":55},"3":{"name":"(anonymous_3)","decl":{"start":{"line":85,"column":20},"end":{"line":85,"column":21}},"loc":{"start":{"line":85,"column":34},"end":{"line":87,"column":1}},"line":85}},"branchMap":{"0":{"loc":{"start":{"line":19,"column":4},"end":{"line":22,"column":48}},"type":"if","locations":[{"start":{"line":19,"column":4},"end":{"line":22,"column":48}},{"start":{"line":22,"column":8},"end":{"line":22,"column":48}}],"line":19},"1":{"loc":{"start":{"line":60,"column":6},"end":{"line":62,"column":7}},"type":"if","locations":[{"start":{"line":60,"column":6},"end":{"line":62,"column":7}},{"start":{},"end":{}}],"line":60}},"s":{"0":1,"1":5,"2":5,"3":5,"4":1,"5":4,"6":1,"7":1,"8":4,"9":4,"10":4,"11":4,"12":16,"13":1,"14":3,"15":1,"16":1},"f":{"0":5,"1":1,"2":4,"3":0},"b":{"0":[1,4],"1":[1,15]},"_coverageSchema":"1a1c01bbd47fc00a2c39e90264f33305004495a9","hash":"8b04abf123ea1d21ff2edb855aa370d1534ac92d"}
}
