{"/Users/user/prep-course-std/Day12/ProblemSolving/Challenge12/Challenge12.js": {"path":"/Users/user/prep-course-std/Day12/ProblemSolving/Challenge12/Challenge12.js","statementMap":{"0":{"start":{"line":17,"column":22},"end":{"line":22,"column":1}},"1":{"start":{"line":19,"column":16},"end":{"line":19,"column":49}},"2":{"start":{"line":19,"column":36},"end":{"line":19,"column":48}},"3":{"start":{"line":20,"column":4},"end":{"line":20,"column":18}},"4":{"start":{"line":71,"column":22},"end":{"line":84,"column":1}},"5":{"start":{"line":73,"column":17},"end":{"line":74,"column":64}},"6":{"start":{"line":74,"column":8},"end":{"line":74,"column":63}},"7":{"start":{"line":75,"column":19},"end":{"line":82,"column":10}},"8":{"start":{"line":76,"column":7},"end":{"line":80,"column":8}},"9":{"start":{"line":83,"column":4},"end":{"line":83,"column":18}},"10":{"start":{"line":95,"column":25},"end":{"line":107,"column":1}},"11":{"start":{"line":97,"column":17},"end":{"line":105,"column":6}},"12":{"start":{"line":98,"column":8},"end":{"line":104,"column":23}},"13":{"start":{"line":104,"column":8},"end":{"line":104,"column":23}},"14":{"start":{"line":106,"column":4},"end":{"line":106,"column":18}},"15":{"start":{"line":123,"column":24},"end":{"line":130,"column":1}},"16":{"start":{"line":125,"column":17},"end":{"line":125,"column":34}},"17":{"start":{"line":126,"column":14},"end":{"line":128,"column":34}},"18":{"start":{"line":127,"column":9},"end":{"line":128,"column":33}},"19":{"start":{"line":129,"column":4},"end":{"line":129,"column":16}},"20":{"start":{"line":133,"column":0},"end":{"line":133,"column":85}}},"fnMap":{"0":{"name":"(anonymous_0)","decl":{"start":{"line":17,"column":22},"end":{"line":17,"column":23}},"loc":{"start":{"line":17,"column":31},"end":{"line":22,"column":1}},"line":17},"1":{"name":"(anonymous_1)","decl":{"start":{"line":19,"column":27},"end":{"line":19,"column":28}},"loc":{"start":{"line":19,"column":36},"end":{"line":19,"column":48}},"line":19},"2":{"name":"(anonymous_2)","decl":{"start":{"line":71,"column":22},"end":{"line":71,"column":23}},"loc":{"start":{"line":71,"column":31},"end":{"line":84,"column":1}},"line":71},"3":{"name":"(anonymous_3)","decl":{"start":{"line":73,"column":28},"end":{"line":73,"column":29}},"loc":{"start":{"line":74,"column":8},"end":{"line":74,"column":63}},"line":74},"4":{"name":"(anonymous_4)","decl":{"start":{"line":75,"column":30},"end":{"line":75,"column":31}},"loc":{"start":{"line":75,"column":39},"end":{"line":82,"column":9}},"line":75},"5":{"name":"(anonymous_5)","decl":{"start":{"line":95,"column":25},"end":{"line":95,"column":26}},"loc":{"start":{"line":95,"column":34},"end":{"line":107,"column":1}},"line":95},"6":{"name":"(anonymous_6)","decl":{"start":{"line":97,"column":28},"end":{"line":97,"column":29}},"loc":{"start":{"line":97,"column":39},"end":{"line":105,"column":5}},"line":97},"7":{"name":"(anonymous_7)","decl":{"start":{"line":123,"column":24},"end":{"line":123,"column":25}},"loc":{"start":{"line":123,"column":40},"end":{"line":130,"column":1}},"line":123},"8":{"name":"(anonymous_8)","decl":{"start":{"line":126,"column":28},"end":{"line":126,"column":29}},"loc":{"start":{"line":127,"column":9},"end":{"line":128,"column":33}},"line":127}},"branchMap":{"0":{"loc":{"start":{"line":74,"column":8},"end":{"line":74,"column":63}},"type":"binary-expr","locations":[{"start":{"line":74,"column":8},"end":{"line":74,"column":37}},{"start":{"line":74,"column":41},"end":{"line":74,"column":63}}],"line":74},"1":{"loc":{"start":{"line":98,"column":8},"end":{"line":104,"column":23}},"type":"if","locations":[{"start":{"line":98,"column":8},"end":{"line":104,"column":23}},{"start":{},"end":{}}],"line":98},"2":{"loc":{"start":{"line":99,"column":8},"end":{"line":103,"column":38}},"type":"binary-expr","locations":[{"start":{"line":99,"column":8},"end":{"line":99,"column":38}},{"start":{"line":100,"column":8},"end":{"line":100,"column":38}},{"start":{"line":101,"column":8},"end":{"line":101,"column":38}},{"start":{"line":102,"column":8},"end":{"line":102,"column":38}},{"start":{"line":103,"column":8},"end":{"line":103,"column":38}}],"line":99}},"s":{"0":1,"1":3,"2":28,"3":3,"4":1,"5":2,"6":7,"7":2,"8":2,"9":2,"10":1,"11":3,"12":10,"13":3,"14":3,"15":1,"16":2,"17":2,"18":16,"19":2,"20":1},"f":{"0":3,"1":28,"2":2,"3":7,"4":2,"5":3,"6":10,"7":2,"8":16},"b":{"0":[7,3],"1":[3,7],"2":[10,7,6,4,4]},"_coverageSchema":"1a1c01bbd47fc00a2c39e90264f33305004495a9","hash":"ac032e22543e1fc1c6e9d24990c3fc4fd2a773ca"}
}
