TN:
SF:Challenge12.js
FN:17,(anonymous_0)
FN:19,(anonymous_1)
FN:71,(anonymous_2)
FN:73,(anonymous_3)
FN:75,(anonymous_4)
FN:95,(anonymous_5)
FN:97,(anonymous_6)
FN:123,(anonymous_7)
FN:126,(anonymous_8)
FNF:9
FNH:9
FNDA:3,(anonymous_0)
FNDA:28,(anonymous_1)
FNDA:2,(anonymous_2)
FNDA:7,(anonymous_3)
FNDA:2,(anonymous_4)
FNDA:3,(anonymous_5)
FNDA:10,(anonymous_6)
FNDA:2,(anonymous_7)
FNDA:16,(anonymous_8)
DA:17,1
DA:19,28
DA:20,3
DA:71,1
DA:73,2
DA:74,7
DA:75,2
DA:76,2
DA:83,2
DA:95,1
DA:97,3
DA:98,10
DA:104,3
DA:106,3
DA:123,1
DA:125,2
DA:126,2
DA:127,16
DA:129,2
DA:133,1
LF:20
LH:20
BRDA:74,0,0,7
BRDA:74,0,1,3
BRDA:98,1,0,3
BRDA:98,1,1,7
BRDA:99,2,0,10
BRDA:99,2,1,7
BRDA:99,2,2,6
BRDA:99,2,3,4
BRDA:99,2,4,4
BRF:9
BRH:9
end_of_record
