<?xml version="1.0" encoding="UTF-8"?>
<coverage generated="1644020429899" clover="3.2.0">
  <project timestamp="1644020429899" name="All files">
    <metrics statements="48" coveredstatements="45" conditionals="18" coveredconditionals="16" methods="5" coveredmethods="5" elements="71" coveredelements="66" complexity="0" loc="48" ncloc="48" packages="1" files="1" classes="1"/>
    <file name="Challenge07.js" path="/Users/user/prep-course-std/Day07/ProblemSolving/Challenge07/Challenge07.js">
      <metrics statements="48" coveredstatements="45" conditionals="18" coveredconditionals="16" methods="5" coveredmethods="5"/>
      <line num="21" count="1" type="stmt"/>
      <line num="23" count="3" type="stmt"/>
      <line num="24" count="3" type="stmt"/>
      <line num="87" count="1" type="stmt"/>
      <line num="88" count="2" type="stmt"/>
      <line num="90" count="2" type="stmt"/>
      <line num="91" count="10" type="stmt"/>
      <line num="92" count="10" type="cond" truecount="2" falsecount="0"/>
      <line num="93" count="8" type="cond" truecount="2" falsecount="0"/>
      <line num="94" count="2" type="stmt"/>
      <line num="95" count="6" type="cond" truecount="1" falsecount="1"/>
      <line num="96" count="0" type="stmt"/>
      <line num="98" count="6" type="stmt"/>
      <line num="101" count="8" type="stmt"/>
      <line num="102" count="8" type="stmt"/>
      <line num="103" count="8" type="stmt"/>
      <line num="106" count="2" type="stmt"/>
      <line num="129" count="1" type="stmt"/>
      <line num="131" count="2" type="stmt"/>
      <line num="139" count="2" type="stmt"/>
      <line num="140" count="10" type="cond" truecount="6" falsecount="0"/>
      <line num="142" count="3" type="stmt"/>
      <line num="143" count="3" type="stmt"/>
      <line num="146" count="7" type="cond" truecount="1" falsecount="1"/>
      <line num="147" count="0" type="stmt"/>
      <line num="148" count="0" type="stmt"/>
      <line num="153" count="2" type="stmt"/>
      <line num="154" count="10" type="cond" truecount="4" falsecount="0"/>
      <line num="156" count="3" type="stmt"/>
      <line num="157" count="3" type="stmt"/>
      <line num="160" count="3" type="stmt"/>
      <line num="161" count="3" type="stmt"/>
      <line num="164" count="2" type="stmt"/>
      <line num="165" count="2" type="stmt"/>
      <line num="168" count="2" type="stmt"/>
      <line num="173" count="2" type="stmt"/>
      <line num="174" count="2" type="stmt"/>
      <line num="185" count="1" type="stmt"/>
      <line num="297" count="1" type="stmt"/>
      <line num="299" count="1" type="stmt"/>
      <line num="301" count="1" type="stmt"/>
      <line num="302" count="4" type="stmt"/>
      <line num="303" count="11" type="stmt"/>
      <line num="304" count="154" type="stmt"/>
      <line num="307" count="11" type="stmt"/>
      <line num="309" count="4" type="stmt"/>
      <line num="312" count="1" type="stmt"/>
      <line num="315" count="1" type="stmt"/>
    </file>
  </project>
</coverage>
