{"/Users/user/prep-course-std/Day07/ProblemSolving/Challenge07/Challenge07.js": {"path":"/Users/user/prep-course-std/Day07/ProblemSolving/Challenge07/Challenge07.js","statementMap":{"0":{"start":{"line":21,"column":15},"end":{"line":25,"column":1}},"1":{"start":{"line":23,"column":17},"end":{"line":23,"column":107}},"2":{"start":{"line":24,"column":3},"end":{"line":24,"column":18}},"3":{"start":{"line":87,"column":20},"end":{"line":107,"column":3}},"4":{"start":{"line":88,"column":17},"end":{"line":88,"column":19}},"5":{"start":{"line":90,"column":4},"end":{"line":105,"column":5}},"6":{"start":{"line":90,"column":17},"end":{"line":90,"column":18}},"7":{"start":{"line":91,"column":16},"end":{"line":91,"column":18}},"8":{"start":{"line":92,"column":6},"end":{"line":104,"column":7}},"9":{"start":{"line":93,"column":8},"end":{"line":99,"column":9}},"10":{"start":{"line":94,"column":10},"end":{"line":94,"column":45}},"11":{"start":{"line":95,"column":15},"end":{"line":99,"column":9}},"12":{"start":{"line":96,"column":10},"end":{"line":96,"column":44}},"13":{"start":{"line":98,"column":10},"end":{"line":98,"column":69}},"14":{"start":{"line":101,"column":8},"end":{"line":101,"column":42}},"15":{"start":{"line":102,"column":8},"end":{"line":102,"column":34}},"16":{"start":{"line":103,"column":8},"end":{"line":103,"column":25}},"17":{"start":{"line":106,"column":4},"end":{"line":106,"column":18}},"18":{"start":{"line":129,"column":28},"end":{"line":175,"column":1}},"19":{"start":{"line":131,"column":17},"end":{"line":138,"column":5}},"20":{"start":{"line":139,"column":4},"end":{"line":150,"column":9}},"21":{"start":{"line":139,"column":17},"end":{"line":139,"column":18}},"22":{"start":{"line":140,"column":8},"end":{"line":143,"column":21}},"23":{"start":{"line":142,"column":12},"end":{"line":142,"column":39}},"24":{"start":{"line":143,"column":12},"end":{"line":143,"column":20}},"25":{"start":{"line":146,"column":12},"end":{"line":149,"column":13}},"26":{"start":{"line":147,"column":16},"end":{"line":147,"column":43}},"27":{"start":{"line":148,"column":16},"end":{"line":148,"column":24}},"28":{"start":{"line":153,"column":4},"end":{"line":171,"column":5}},"29":{"start":{"line":153,"column":17},"end":{"line":153,"column":18}},"30":{"start":{"line":154,"column":8},"end":{"line":170,"column":9}},"31":{"start":{"line":156,"column":16},"end":{"line":156,"column":40}},"32":{"start":{"line":157,"column":16},"end":{"line":157,"column":22}},"33":{"start":{"line":160,"column":16},"end":{"line":160,"column":36}},"34":{"start":{"line":161,"column":16},"end":{"line":161,"column":22}},"35":{"start":{"line":164,"column":16},"end":{"line":164,"column":36}},"36":{"start":{"line":165,"column":16},"end":{"line":165,"column":22}},"37":{"start":{"line":168,"column":16},"end":{"line":168,"column":34}},"38":{"start":{"line":173,"column":4},"end":{"line":173,"column":39}},"39":{"start":{"line":174,"column":4},"end":{"line":174,"column":18}},"40":{"start":{"line":185,"column":11},"end":{"line":291,"column":1}},"41":{"start":{"line":297,"column":19},"end":{"line":313,"column":1}},"42":{"start":{"line":299,"column":14},"end":{"line":299,"column":15}},"43":{"start":{"line":301,"column":4},"end":{"line":310,"column":5}},"44":{"start":{"line":301,"column":17},"end":{"line":301,"column":18}},"45":{"start":{"line":302,"column":8},"end":{"line":308,"column":9}},"46":{"start":{"line":302,"column":21},"end":{"line":302,"column":22}},"47":{"start":{"line":303,"column":12},"end":{"line":305,"column":18}},"48":{"start":{"line":304,"column":16},"end":{"line":304,"column":29}},"49":{"start":{"line":307,"column":12},"end":{"line":307,"column":107}},"50":{"start":{"line":309,"column":8},"end":{"line":309,"column":16}},"51":{"start":{"line":312,"column":4},"end":{"line":312,"column":16}},"52":{"start":{"line":315,"column":0},"end":{"line":315,"column":74}}},"fnMap":{"0":{"name":"(anonymous_0)","decl":{"start":{"line":21,"column":15},"end":{"line":21,"column":16}},"loc":{"start":{"line":21,"column":24},"end":{"line":25,"column":1}},"line":21},"1":{"name":"(anonymous_1)","decl":{"start":{"line":87,"column":20},"end":{"line":87,"column":21}},"loc":{"start":{"line":87,"column":29},"end":{"line":107,"column":3}},"line":87},"2":{"name":"(anonymous_2)","decl":{"start":{"line":129,"column":28},"end":{"line":129,"column":29}},"loc":{"start":{"line":129,"column":37},"end":{"line":175,"column":1}},"line":129},"3":{"name":"(anonymous_3)","decl":{"start":{"line":297,"column":19},"end":{"line":297,"column":20}},"loc":{"start":{"line":297,"column":29},"end":{"line":313,"column":1}},"line":297},"4":{"name":"(anonymous_4)","decl":{"start":{"line":303,"column":63},"end":{"line":303,"column":64}},"loc":{"start":{"line":303,"column":79},"end":{"line":305,"column":13}},"line":303}},"branchMap":{"0":{"loc":{"start":{"line":92,"column":6},"end":{"line":104,"column":7}},"type":"if","locations":[{"start":{"line":92,"column":6},"end":{"line":104,"column":7}},{"start":{},"end":{}}],"line":92},"1":{"loc":{"start":{"line":93,"column":8},"end":{"line":99,"column":9}},"type":"if","locations":[{"start":{"line":93,"column":8},"end":{"line":99,"column":9}},{"start":{"line":95,"column":15},"end":{"line":99,"column":9}}],"line":93},"2":{"loc":{"start":{"line":95,"column":15},"end":{"line":99,"column":9}},"type":"if","locations":[{"start":{"line":95,"column":15},"end":{"line":99,"column":9}},{"start":{"line":97,"column":15},"end":{"line":99,"column":9}}],"line":95},"3":{"loc":{"start":{"line":140,"column":8},"end":{"line":143,"column":21}},"type":"if","locations":[{"start":{"line":140,"column":8},"end":{"line":143,"column":21}},{"start":{},"end":{}}],"line":140},"4":{"loc":{"start":{"line":140,"column":13},"end":{"line":141,"column":63}},"type":"binary-expr","locations":[{"start":{"line":140,"column":14},"end":{"line":140,"column":36}},{"start":{"line":140,"column":40},"end":{"line":140,"column":61}},{"start":{"line":141,"column":11},"end":{"line":141,"column":34}},{"start":{"line":141,"column":38},"end":{"line":141,"column":62}}],"line":140},"5":{"loc":{"start":{"line":146,"column":12},"end":{"line":149,"column":13}},"type":"if","locations":[{"start":{"line":146,"column":12},"end":{"line":149,"column":13}},{"start":{},"end":{}}],"line":146},"6":{"loc":{"start":{"line":154,"column":8},"end":{"line":170,"column":9}},"type":"switch","locations":[{"start":{"line":155,"column":12},"end":{"line":157,"column":22}},{"start":{"line":159,"column":12},"end":{"line":161,"column":22}},{"start":{"line":163,"column":12},"end":{"line":165,"column":22}},{"start":{"line":167,"column":12},"end":{"line":168,"column":34}}],"line":154}},"s":{"0":1,"1":3,"2":3,"3":1,"4":2,"5":2,"6":2,"7":10,"8":10,"9":8,"10":2,"11":6,"12":0,"13":6,"14":8,"15":8,"16":8,"17":2,"18":1,"19":2,"20":2,"21":2,"22":10,"23":3,"24":3,"25":7,"26":0,"27":0,"28":2,"29":2,"30":10,"31":3,"32":3,"33":3,"34":3,"35":2,"36":2,"37":2,"38":2,"39":2,"40":1,"41":1,"42":1,"43":1,"44":1,"45":4,"46":4,"47":11,"48":154,"49":11,"50":4,"51":1,"52":1},"f":{"0":3,"1":2,"2":2,"3":1,"4":154},"b":{"0":[8,2],"1":[2,6],"2":[0,6],"3":[3,7],"4":[10,10,10,8],"5":[0,7],"6":[3,3,2,2]},"_coverageSchema":"1a1c01bbd47fc00a2c39e90264f33305004495a9","hash":"0f666bf5aae58a4f6dbb3f1641595e50bf1bee9d"}
}
