TN:
SF:Challenge07.js
FN:21,(anonymous_0)
FN:87,(anonymous_1)
FN:129,(anonymous_2)
FN:297,(anonymous_3)
FN:303,(anonymous_4)
FNF:5
FNH:5
FNDA:3,(anonymous_0)
FNDA:2,(anonymous_1)
FNDA:2,(anonymous_2)
FNDA:1,(anonymous_3)
FNDA:154,(anonymous_4)
DA:21,1
DA:23,3
DA:24,3
DA:87,1
DA:88,2
DA:90,2
DA:91,10
DA:92,10
DA:93,8
DA:94,2
DA:95,6
DA:96,0
DA:98,6
DA:101,8
DA:102,8
DA:103,8
DA:106,2
DA:129,1
DA:131,2
DA:139,2
DA:140,10
DA:142,3
DA:143,3
DA:146,7
DA:147,0
DA:148,0
DA:153,2
DA:154,10
DA:156,3
DA:157,3
DA:160,3
DA:161,3
DA:164,2
DA:165,2
DA:168,2
DA:173,2
DA:174,2
DA:185,1
DA:297,1
DA:299,1
DA:301,1
DA:302,4
DA:303,11
DA:304,154
DA:307,11
DA:309,4
DA:312,1
DA:315,1
LF:48
LH:45
BRDA:92,0,0,8
BRDA:92,0,1,2
BRDA:93,1,0,2
BRDA:93,1,1,6
BRDA:95,2,0,0
BRDA:95,2,1,6
BRDA:140,3,0,3
BRDA:140,3,1,7
BRDA:140,4,0,10
BRDA:140,4,1,10
BRDA:140,4,2,10
BRDA:140,4,3,8
BRDA:146,5,0,0
BRDA:146,5,1,7
BRDA:154,6,0,3
BRDA:154,6,1,3
BRDA:154,6,2,2
BRDA:154,6,3,2
BRF:18
BRH:16
end_of_record
