{"/Users/user/prep-course-std/Day08/ProblemSolving/Challenge08/Challenge08.js": {"path":"/Users/user/prep-course-std/Day08/ProblemSolving/Challenge08/Challenge08.js","statementMap":{"0":{"start":{"line":40,"column":23},"end":{"line":48,"column":1}},"1":{"start":{"line":43,"column":15},"end":{"line":43,"column":17}},"2":{"start":{"line":44,"column":2},"end":{"line":46,"column":3}},"3":{"start":{"line":45,"column":4},"end":{"line":45,"column":67}},"4":{"start":{"line":47,"column":2},"end":{"line":47,"column":16}},"5":{"start":{"line":85,"column":19},"end":{"line":91,"column":1}},"6":{"start":{"line":87,"column":15},"end":{"line":87,"column":17}},"7":{"start":{"line":88,"column":2},"end":{"line":89,"column":34}},"8":{"start":{"line":89,"column":2},"end":{"line":89,"column":34}},"9":{"start":{"line":90,"column":2},"end":{"line":90,"column":16}},"10":{"start":{"line":101,"column":16},"end":{"line":126,"column":1}},"11":{"start":{"line":137,"column":16},"end":{"line":150,"column":1}},"12":{"start":{"line":138,"column":20},"end":{"line":138,"column":22}},"13":{"start":{"line":139,"column":21},"end":{"line":139,"column":23}},"14":{"start":{"line":141,"column":2},"end":{"line":146,"column":8}},"15":{"start":{"line":142,"column":4},"end":{"line":142,"column":51}},"16":{"start":{"line":143,"column":6},"end":{"line":146,"column":7}},"17":{"start":{"line":144,"column":8},"end":{"line":144,"column":68}},"18":{"start":{"line":149,"column":2},"end":{"line":149,"column":39}},"19":{"start":{"line":170,"column":20},"end":{"line":191,"column":1}},"20":{"start":{"line":172,"column":14},"end":{"line":172,"column":16}},"21":{"start":{"line":173,"column":13},"end":{"line":173,"column":15}},"22":{"start":{"line":174,"column":2},"end":{"line":189,"column":1}},"23":{"start":{"line":174,"column":13},"end":{"line":174,"column":14}},"24":{"start":{"line":175,"column":14},"end":{"line":175,"column":39}},"25":{"start":{"line":177,"column":15},"end":{"line":177,"column":22}},"26":{"start":{"line":178,"column":4},"end":{"line":186,"column":5}},"27":{"start":{"line":178,"column":14},"end":{"line":178,"column":15}},"28":{"start":{"line":179,"column":6},"end":{"line":185,"column":7}},"29":{"start":{"line":179,"column":17},"end":{"line":179,"column":18}},"30":{"start":{"line":180,"column":8},"end":{"line":184,"column":9}},"31":{"start":{"line":181,"column":10},"end":{"line":181,"column":26}},"32":{"start":{"line":182,"column":10},"end":{"line":182,"column":54}},"33":{"start":{"line":190,"column":0},"end":{"line":190,"column":14}},"34":{"start":{"line":193,"column":0},"end":{"line":199,"column":2}}},"fnMap":{"0":{"name":"(anonymous_0)","decl":{"start":{"line":40,"column":23},"end":{"line":40,"column":24}},"loc":{"start":{"line":40,"column":32},"end":{"line":48,"column":1}},"line":40},"1":{"name":"(anonymous_1)","decl":{"start":{"line":85,"column":19},"end":{"line":85,"column":20}},"loc":{"start":{"line":85,"column":28},"end":{"line":91,"column":1}},"line":85},"2":{"name":"(anonymous_2)","decl":{"start":{"line":137,"column":16},"end":{"line":137,"column":17}},"loc":{"start":{"line":137,"column":25},"end":{"line":150,"column":1}},"line":137},"3":{"name":"(anonymous_3)","decl":{"start":{"line":170,"column":20},"end":{"line":170,"column":21}},"loc":{"start":{"line":170,"column":29},"end":{"line":191,"column":1}},"line":170}},"branchMap":{"0":{"loc":{"start":{"line":180,"column":8},"end":{"line":184,"column":9}},"type":"if","locations":[{"start":{"line":180,"column":8},"end":{"line":184,"column":9}},{"start":{},"end":{}}],"line":180}},"s":{"0":1,"1":1,"2":1,"3":3,"4":1,"5":1,"6":1,"7":1,"8":4,"9":1,"10":1,"11":1,"12":3,"13":3,"14":3,"15":12,"16":12,"17":48,"18":3,"19":1,"20":2,"21":2,"22":2,"23":2,"24":8,"25":8,"26":8,"27":8,"28":24,"29":24,"30":96,"31":6,"32":6,"33":2,"34":1},"f":{"0":1,"1":1,"2":3,"3":2},"b":{"0":[6,90]},"_coverageSchema":"1a1c01bbd47fc00a2c39e90264f33305004495a9","hash":"3550fd52dea4527c6bb7f181e14f1ea67a45663b"}
}
