TN:
SF:Challenge08.js
FN:40,(anonymous_0)
FN:85,(anonymous_1)
FN:137,(anonymous_2)
FN:170,(anonymous_3)
FNF:4
FNH:4
FNDA:1,(anonymous_0)
FNDA:1,(anonymous_1)
FNDA:3,(anonymous_2)
FNDA:2,(anonymous_3)
DA:40,1
DA:43,1
DA:44,1
DA:45,3
DA:47,1
DA:85,1
DA:87,1
DA:88,1
DA:89,4
DA:90,1
DA:101,1
DA:137,1
DA:138,3
DA:139,3
DA:141,3
DA:142,12
DA:143,12
DA:144,48
DA:149,3
DA:170,1
DA:172,2
DA:173,2
DA:174,2
DA:175,8
DA:177,8
DA:178,8
DA:179,24
DA:180,96
DA:181,6
DA:182,6
DA:190,2
DA:193,1
LF:32
LH:32
BRDA:180,0,0,6
BRDA:180,0,1,90
BRF:2
BRH:2
end_of_record
