{"/Users/user/prep-course-std/Day09/ProblemSolving/Challenge09/Challenge09.js": {"path":"/Users/user/prep-course-std/Day09/ProblemSolving/Challenge09/Challenge09.js","statementMap":{"0":{"start":{"line":18,"column":15},"end":{"line":25,"column":1}},"1":{"start":{"line":19,"column":17},"end":{"line":19,"column":19}},"2":{"start":{"line":21,"column":4},"end":{"line":23,"column":7}},"3":{"start":{"line":22,"column":8},"end":{"line":22,"column":32}},"4":{"start":{"line":24,"column":4},"end":{"line":24,"column":18}},"5":{"start":{"line":36,"column":22},"end":{"line":44,"column":1}},"6":{"start":{"line":38,"column":16},"end":{"line":38,"column":18}},"7":{"start":{"line":39,"column":4},"end":{"line":41,"column":6}},"8":{"start":{"line":40,"column":6},"end":{"line":40,"column":39}},"9":{"start":{"line":42,"column":3},"end":{"line":42,"column":17}},"10":{"start":{"line":110,"column":23},"end":{"line":121,"column":1}},"11":{"start":{"line":112,"column":4},"end":{"line":119,"column":7}},"12":{"start":{"line":113,"column":8},"end":{"line":117,"column":9}},"13":{"start":{"line":114,"column":12},"end":{"line":114,"column":64}},"14":{"start":{"line":116,"column":12},"end":{"line":116,"column":62}},"15":{"start":{"line":120,"column":4},"end":{"line":120,"column":14}},"16":{"start":{"line":138,"column":22},"end":{"line":140,"column":1}},"17":{"start":{"line":142,"column":0},"end":{"line":142,"column":74}}},"fnMap":{"0":{"name":"(anonymous_0)","decl":{"start":{"line":18,"column":15},"end":{"line":18,"column":16}},"loc":{"start":{"line":18,"column":24},"end":{"line":25,"column":1}},"line":18},"1":{"name":"(anonymous_1)","decl":{"start":{"line":21,"column":16},"end":{"line":21,"column":17}},"loc":{"start":{"line":21,"column":27},"end":{"line":23,"column":5}},"line":21},"2":{"name":"(anonymous_2)","decl":{"start":{"line":36,"column":22},"end":{"line":36,"column":23}},"loc":{"start":{"line":36,"column":31},"end":{"line":44,"column":1}},"line":36},"3":{"name":"(anonymous_3)","decl":{"start":{"line":39,"column":16},"end":{"line":39,"column":17}},"loc":{"start":{"line":39,"column":25},"end":{"line":41,"column":5}},"line":39},"4":{"name":"(anonymous_4)","decl":{"start":{"line":110,"column":23},"end":{"line":110,"column":24}},"loc":{"start":{"line":110,"column":32},"end":{"line":121,"column":1}},"line":110},"5":{"name":"(anonymous_5)","decl":{"start":{"line":112,"column":16},"end":{"line":112,"column":17}},"loc":{"start":{"line":112,"column":27},"end":{"line":119,"column":5}},"line":112},"6":{"name":"(anonymous_6)","decl":{"start":{"line":138,"column":22},"end":{"line":138,"column":23}},"loc":{"start":{"line":138,"column":61},"end":{"line":140,"column":1}},"line":138}},"branchMap":{"0":{"loc":{"start":{"line":113,"column":8},"end":{"line":117,"column":9}},"type":"if","locations":[{"start":{"line":113,"column":8},"end":{"line":117,"column":9}},{"start":{"line":115,"column":13},"end":{"line":117,"column":9}}],"line":113}},"s":{"0":1,"1":2,"2":2,"3":9,"4":2,"5":1,"6":2,"7":2,"8":8,"9":2,"10":1,"11":2,"12":6,"13":3,"14":3,"15":2,"16":1,"17":1},"f":{"0":2,"1":9,"2":2,"3":8,"4":2,"5":6,"6":0},"b":{"0":[3,3]},"_coverageSchema":"1a1c01bbd47fc00a2c39e90264f33305004495a9","hash":"684cf44ceafecd33c127c392faf871de81b1bef7"}
}
