TN:
SF:Challenge09.js
FN:18,(anonymous_0)
FN:21,(anonymous_1)
FN:36,(anonymous_2)
FN:39,(anonymous_3)
FN:110,(anonymous_4)
FN:112,(anonymous_5)
FN:138,(anonymous_6)
FNF:7
FNH:6
FNDA:2,(anonymous_0)
FNDA:9,(anonymous_1)
FNDA:2,(anonymous_2)
FNDA:8,(anonymous_3)
FNDA:2,(anonymous_4)
FNDA:6,(anonymous_5)
FNDA:0,(anonymous_6)
DA:18,1
DA:19,2
DA:21,2
DA:22,9
DA:24,2
DA:36,1
DA:38,2
DA:39,2
DA:40,8
DA:42,2
DA:110,1
DA:112,2
DA:113,6
DA:114,3
DA:116,3
DA:120,2
DA:138,1
DA:142,1
LF:18
LH:18
BRDA:113,0,0,3
BRDA:113,0,1,3
BRF:2
BRH:2
end_of_record
