<?xml version="1.0" encoding="UTF-8"?>
<coverage generated="1644105857114" clover="3.2.0">
  <project timestamp="1644105857114" name="All files">
    <metrics statements="34" coveredstatements="34" conditionals="10" coveredconditionals="8" methods="6" coveredmethods="6" elements="50" coveredelements="48" complexity="0" loc="34" ncloc="34" packages="1" files="1" classes="1"/>
    <file name="Challenge14.js" path="/Users/user/prep-course-std/Day14/ProblemSolving/Challenge14/Challenge14.js">
      <metrics statements="34" coveredstatements="34" conditionals="10" coveredconditionals="8" methods="6" coveredmethods="6"/>
      <line num="22" count="1" type="stmt"/>
      <line num="24" count="3" type="stmt"/>
      <line num="35" count="1" type="stmt"/>
      <line num="37" count="3" type="stmt"/>
      <line num="38" count="3" type="stmt"/>
      <line num="54" count="1" type="stmt"/>
      <line num="56" count="3" type="stmt"/>
      <line num="57" count="3" type="stmt"/>
      <line num="58" count="3" type="stmt"/>
      <line num="59" count="3" type="stmt"/>
      <line num="60" count="3" type="cond" truecount="1" falsecount="1"/>
      <line num="61" count="3" type="cond" truecount="2" falsecount="0"/>
      <line num="62" count="3" type="cond" truecount="3" falsecount="1"/>
      <line num="63" count="3" type="stmt"/>
      <line num="73" count="1" type="stmt"/>
      <line num="76" count="2" type="stmt"/>
      <line num="77" count="2" type="stmt"/>
      <line num="78" count="2" type="stmt"/>
      <line num="79" count="2" type="stmt"/>
      <line num="94" count="1" type="stmt"/>
      <line num="96" count="2" type="stmt"/>
      <line num="97" count="2" type="stmt"/>
      <line num="98" count="2" type="stmt"/>
      <line num="100" count="2" type="stmt"/>
      <line num="101" count="5" type="stmt"/>
      <line num="102" count="5" type="stmt"/>
      <line num="103" count="16" type="cond" truecount="2" falsecount="0"/>
      <line num="104" count="10" type="stmt"/>
      <line num="105" count="10" type="stmt"/>
      <line num="107" count="5" type="stmt"/>
      <line num="108" count="5" type="stmt"/>
      <line num="109" count="5" type="stmt"/>
      <line num="111" count="2" type="stmt"/>
      <line num="118" count="1" type="stmt"/>
    </file>
  </project>
</coverage>
