{"/Users/user/prep-course-std/Day14/ProblemSolving/Challenge14/Challenge14.js": {"path":"/Users/user/prep-course-std/Day14/ProblemSolving/Challenge14/Challenge14.js","statementMap":{"0":{"start":{"line":22,"column":17},"end":{"line":25,"column":1}},"1":{"start":{"line":24,"column":4},"end":{"line":24,"column":47}},"2":{"start":{"line":35,"column":19},"end":{"line":40,"column":1}},"3":{"start":{"line":37,"column":15},"end":{"line":37,"column":29}},"4":{"start":{"line":38,"column":5},"end":{"line":38,"column":34}},"5":{"start":{"line":54,"column":21},"end":{"line":64,"column":1}},"6":{"start":{"line":56,"column":17},"end":{"line":56,"column":31}},"7":{"start":{"line":57,"column":11},"end":{"line":57,"column":30}},"8":{"start":{"line":58,"column":13},"end":{"line":58,"column":33}},"9":{"start":{"line":59,"column":14},"end":{"line":59,"column":35}},"10":{"start":{"line":60,"column":4},"end":{"line":60,"column":41}},"11":{"start":{"line":60,"column":15},"end":{"line":60,"column":39}},"12":{"start":{"line":61,"column":4},"end":{"line":61,"column":41}},"13":{"start":{"line":61,"column":14},"end":{"line":61,"column":40}},"14":{"start":{"line":62,"column":5},"end":{"line":62,"column":51}},"15":{"start":{"line":62,"column":17},"end":{"line":62,"column":50}},"16":{"start":{"line":63,"column":5},"end":{"line":63,"column":28}},"17":{"start":{"line":73,"column":17},"end":{"line":80,"column":1}},"18":{"start":{"line":76,"column":4},"end":{"line":76,"column":30}},"19":{"start":{"line":77,"column":4},"end":{"line":77,"column":22}},"20":{"start":{"line":78,"column":4},"end":{"line":78,"column":31}},"21":{"start":{"line":79,"column":4},"end":{"line":79,"column":13}},"22":{"start":{"line":94,"column":22},"end":{"line":113,"column":3}},"23":{"start":{"line":96,"column":17},"end":{"line":96,"column":19}},"24":{"start":{"line":97,"column":15},"end":{"line":97,"column":29}},"25":{"start":{"line":98,"column":18},"end":{"line":98,"column":19}},"26":{"start":{"line":100,"column":4},"end":{"line":110,"column":7}},"27":{"start":{"line":101,"column":19},"end":{"line":101,"column":21}},"28":{"start":{"line":102,"column":8},"end":{"line":106,"column":9}},"29":{"start":{"line":102,"column":21},"end":{"line":102,"column":22}},"30":{"start":{"line":103,"column":12},"end":{"line":105,"column":27}},"31":{"start":{"line":103,"column":40},"end":{"line":103,"column":50}},"32":{"start":{"line":104,"column":18},"end":{"line":104,"column":52}},"33":{"start":{"line":105,"column":14},"end":{"line":105,"column":26}},"34":{"start":{"line":107,"column":8},"end":{"line":107,"column":56}},"35":{"start":{"line":108,"column":8},"end":{"line":108,"column":26}},"36":{"start":{"line":109,"column":8},"end":{"line":109,"column":20}},"37":{"start":{"line":111,"column":4},"end":{"line":111,"column":27}},"38":{"start":{"line":118,"column":0},"end":{"line":118,"column":81}}},"fnMap":{"0":{"name":"(anonymous_0)","decl":{"start":{"line":22,"column":17},"end":{"line":22,"column":18}},"loc":{"start":{"line":22,"column":26},"end":{"line":25,"column":1}},"line":22},"1":{"name":"(anonymous_1)","decl":{"start":{"line":35,"column":19},"end":{"line":35,"column":20}},"loc":{"start":{"line":35,"column":28},"end":{"line":40,"column":1}},"line":35},"2":{"name":"(anonymous_2)","decl":{"start":{"line":54,"column":21},"end":{"line":54,"column":22}},"loc":{"start":{"line":54,"column":30},"end":{"line":64,"column":1}},"line":54},"3":{"name":"(anonymous_3)","decl":{"start":{"line":73,"column":17},"end":{"line":73,"column":18}},"loc":{"start":{"line":73,"column":26},"end":{"line":80,"column":1}},"line":73},"4":{"name":"(anonymous_4)","decl":{"start":{"line":94,"column":22},"end":{"line":94,"column":23}},"loc":{"start":{"line":94,"column":31},"end":{"line":113,"column":3}},"line":94},"5":{"name":"(anonymous_5)","decl":{"start":{"line":100,"column":17},"end":{"line":100,"column":18}},"loc":{"start":{"line":100,"column":28},"end":{"line":110,"column":5}},"line":100}},"branchMap":{"0":{"loc":{"start":{"line":60,"column":4},"end":{"line":60,"column":41}},"type":"if","locations":[{"start":{"line":60,"column":4},"end":{"line":60,"column":41}},{"start":{},"end":{}}],"line":60},"1":{"loc":{"start":{"line":61,"column":4},"end":{"line":61,"column":41}},"type":"if","locations":[{"start":{"line":61,"column":4},"end":{"line":61,"column":41}},{"start":{},"end":{}}],"line":61},"2":{"loc":{"start":{"line":62,"column":5},"end":{"line":62,"column":51}},"type":"if","locations":[{"start":{"line":62,"column":5},"end":{"line":62,"column":51}},{"start":{},"end":{}}],"line":62},"3":{"loc":{"start":{"line":62,"column":37},"end":{"line":62,"column":48}},"type":"binary-expr","locations":[{"start":{"line":62,"column":37},"end":{"line":62,"column":43}},{"start":{"line":62,"column":45},"end":{"line":62,"column":48}}],"line":62},"4":{"loc":{"start":{"line":103,"column":12},"end":{"line":105,"column":27}},"type":"if","locations":[{"start":{"line":103,"column":12},"end":{"line":105,"column":27}},{"start":{"line":104,"column":17},"end":{"line":105,"column":27}}],"line":103}},"s":{"0":1,"1":3,"2":1,"3":3,"4":3,"5":1,"6":3,"7":3,"8":3,"9":3,"10":3,"11":3,"12":3,"13":1,"14":3,"15":1,"16":3,"17":1,"18":2,"19":2,"20":2,"21":2,"22":1,"23":2,"24":2,"25":2,"26":2,"27":5,"28":5,"29":5,"30":16,"31":6,"32":10,"33":10,"34":5,"35":5,"36":5,"37":2,"38":1},"f":{"0":3,"1":3,"2":3,"3":2,"4":2,"5":5},"b":{"0":[3,0],"1":[1,2],"2":[1,2],"3":[1,0],"4":[6,10]},"_coverageSchema":"1a1c01bbd47fc00a2c39e90264f33305004495a9","hash":"fbf38e9ce403f3f91b25a73a9e0f9e33f01b6900"}
}
