TN:
SF:Challenge14.js
FN:22,(anonymous_0)
FN:35,(anonymous_1)
FN:54,(anonymous_2)
FN:73,(anonymous_3)
FN:94,(anonymous_4)
FN:100,(anonymous_5)
FNF:6
FNH:6
FNDA:3,(anonymous_0)
FNDA:3,(anonymous_1)
FNDA:3,(anonymous_2)
FNDA:2,(anonymous_3)
FNDA:2,(anonymous_4)
FNDA:5,(anonymous_5)
DA:22,1
DA:24,3
DA:35,1
DA:37,3
DA:38,3
DA:54,1
DA:56,3
DA:57,3
DA:58,3
DA:59,3
DA:60,3
DA:61,3
DA:62,3
DA:63,3
DA:73,1
DA:76,2
DA:77,2
DA:78,2
DA:79,2
DA:94,1
DA:96,2
DA:97,2
DA:98,2
DA:100,2
DA:101,5
DA:102,5
DA:103,16
DA:104,10
DA:105,10
DA:107,5
DA:108,5
DA:109,5
DA:111,2
DA:118,1
LF:34
LH:34
BRDA:60,0,0,3
BRDA:60,0,1,0
BRDA:61,1,0,1
BRDA:61,1,1,2
BRDA:62,2,0,1
BRDA:62,2,1,2
BRDA:62,3,0,1
BRDA:62,3,1,0
BRDA:103,4,0,6
BRDA:103,4,1,10
BRF:10
BRH:8
end_of_record
