{"/Users/user/prep-course-std/Day11/ProblemSolving/Challenge11/Challenge11.js": {"path":"/Users/user/prep-course-std/Day11/ProblemSolving/Challenge11/Challenge11.js","statementMap":{"0":{"start":{"line":20,"column":17},"end":{"line":20,"column":19}},"1":{"start":{"line":21,"column":4},"end":{"line":23,"column":6}},"2":{"start":{"line":22,"column":8},"end":{"line":22,"column":39}},"3":{"start":{"line":24,"column":4},"end":{"line":24,"column":18}},"4":{"start":{"line":64,"column":17},"end":{"line":64,"column":19}},"5":{"start":{"line":65,"column":4},"end":{"line":68,"column":6}},"6":{"start":{"line":66,"column":8},"end":{"line":66,"column":64}},"7":{"start":{"line":69,"column":4},"end":{"line":69,"column":18}},"8":{"start":{"line":132,"column":17},"end":{"line":136,"column":8}},"9":{"start":{"line":132,"column":38},"end":{"line":136,"column":5}},"10":{"start":{"line":134,"column":49},"end":{"line":134,"column":54}},"11":{"start":{"line":138,"column":4},"end":{"line":138,"column":18}},"12":{"start":{"line":217,"column":19},"end":{"line":226,"column":8}},"13":{"start":{"line":217,"column":40},"end":{"line":226,"column":5}},"14":{"start":{"line":219,"column":49},"end":{"line":219,"column":54}},"15":{"start":{"line":221,"column":49},"end":{"line":221,"column":54}},"16":{"start":{"line":228,"column":4},"end":{"line":228,"column":18}},"17":{"start":{"line":231,"column":0},"end":{"line":231,"column":65}}},"fnMap":{"0":{"name":"square","decl":{"start":{"line":18,"column":9},"end":{"line":18,"column":15}},"loc":{"start":{"line":18,"column":21},"end":{"line":25,"column":1}},"line":18},"1":{"name":"(anonymous_1)","decl":{"start":{"line":21,"column":12},"end":{"line":21,"column":13}},"loc":{"start":{"line":21,"column":23},"end":{"line":23,"column":5}},"line":21},"2":{"name":"fullName","decl":{"start":{"line":62,"column":9},"end":{"line":62,"column":17}},"loc":{"start":{"line":62,"column":23},"end":{"line":70,"column":1}},"line":62},"3":{"name":"(anonymous_3)","decl":{"start":{"line":65,"column":12},"end":{"line":65,"column":13}},"loc":{"start":{"line":65,"column":23},"end":{"line":68,"column":5}},"line":65},"4":{"name":"gradesAvg","decl":{"start":{"line":130,"column":9},"end":{"line":130,"column":18}},"loc":{"start":{"line":130,"column":24},"end":{"line":139,"column":1}},"line":130},"5":{"name":"(anonymous_5)","decl":{"start":{"line":132,"column":26},"end":{"line":132,"column":27}},"loc":{"start":{"line":132,"column":38},"end":{"line":136,"column":5}},"line":132},"6":{"name":"(anonymous_6)","decl":{"start":{"line":134,"column":39},"end":{"line":134,"column":40}},"loc":{"start":{"line":134,"column":49},"end":{"line":134,"column":54}},"line":134},"7":{"name":"studentsResult","decl":{"start":{"line":208,"column":9},"end":{"line":208,"column":23}},"loc":{"start":{"line":208,"column":29},"end":{"line":229,"column":1}},"line":208},"8":{"name":"(anonymous_8)","decl":{"start":{"line":217,"column":28},"end":{"line":217,"column":29}},"loc":{"start":{"line":217,"column":40},"end":{"line":226,"column":5}},"line":217},"9":{"name":"(anonymous_9)","decl":{"start":{"line":219,"column":39},"end":{"line":219,"column":40}},"loc":{"start":{"line":219,"column":49},"end":{"line":219,"column":54}},"line":219},"10":{"name":"(anonymous_10)","decl":{"start":{"line":221,"column":39},"end":{"line":221,"column":40}},"loc":{"start":{"line":221,"column":49},"end":{"line":221,"column":54}},"line":221}},"branchMap":{"0":{"loc":{"start":{"line":219,"column":12},"end":{"line":220,"column":69}},"type":"binary-expr","locations":[{"start":{"line":219,"column":12},"end":{"line":220,"column":45}},{"start":{"line":220,"column":49},"end":{"line":220,"column":69}}],"line":219},"1":{"loc":{"start":{"line":221,"column":12},"end":{"line":222,"column":68}},"type":"binary-expr","locations":[{"start":{"line":221,"column":12},"end":{"line":222,"column":44}},{"start":{"line":222,"column":48},"end":{"line":222,"column":68}}],"line":221}},"s":{"0":1,"1":1,"2":6,"3":1,"4":1,"5":1,"6":3,"7":1,"8":2,"9":8,"10":56,"11":2,"12":1,"13":4,"14":28,"15":28,"16":1,"17":1},"f":{"0":1,"1":6,"2":1,"3":3,"4":2,"5":8,"6":56,"7":1,"8":4,"9":28,"10":28},"b":{"0":[4,1],"1":[4,3]},"_coverageSchema":"1a1c01bbd47fc00a2c39e90264f33305004495a9","hash":"719ec8bc08a0060122758b515ff50b1e57a3eef1"}
}
