TN:
SF:Challenge11.js
FN:18,square
FN:21,(anonymous_1)
FN:62,fullName
FN:65,(anonymous_3)
FN:130,gradesAvg
FN:132,(anonymous_5)
FN:134,(anonymous_6)
FN:208,studentsResult
FN:217,(anonymous_8)
FN:219,(anonymous_9)
FN:221,(anonymous_10)
FNF:11
FNH:11
FNDA:1,square
FNDA:6,(anonymous_1)
FNDA:1,fullName
FNDA:3,(anonymous_3)
FNDA:2,gradesAvg
FNDA:8,(anonymous_5)
FNDA:56,(anonymous_6)
FNDA:1,studentsResult
FNDA:4,(anonymous_8)
FNDA:28,(anonymous_9)
FNDA:28,(anonymous_10)
DA:20,1
DA:21,1
DA:22,6
DA:24,1
DA:64,1
DA:65,1
DA:66,3
DA:69,1
DA:132,8
DA:134,56
DA:138,2
DA:217,4
DA:219,28
DA:221,28
DA:228,1
DA:231,1
LF:16
LH:16
BRDA:219,0,0,4
BRDA:219,0,1,1
BRDA:221,1,0,4
BRDA:221,1,1,3
BRF:4
BRH:4
end_of_record
